\BOOKMARK [1][-]{section.0.1}{Generales}{}% 1
\BOOKMARK [0][-]{chapter.1}{Semana 1}{}% 2
\BOOKMARK [1][-]{section.1.1}{Introducci\363n al dise\361o digital}{chapter.1}% 3
\BOOKMARK [2][-]{subsection.1.1.1}{Nivel de abstracci\363n}{section.1.1}% 4
\BOOKMARK [1][-]{section.1.2}{Proceso de dise\361o}{chapter.1}% 5
\BOOKMARK [1][-]{section.1.3}{Proceso de dise\361o}{chapter.1}% 6
\BOOKMARK [1][-]{section.1.4}{Resumen}{chapter.1}% 7
\BOOKMARK [1][-]{section.1.5}{Ejercicios}{chapter.1}% 8
\BOOKMARK [0][-]{chapter.2}{Semana 2}{}% 9
\BOOKMARK [1][-]{section.2.1}{Tipos de sistemas de numeraci\363n}{chapter.2}% 10
\BOOKMARK [2][-]{subsection.2.1.1}{Conversiones}{section.2.1}% 11
\BOOKMARK [2][-]{subsection.2.1.2}{Sistemas binarios puros}{section.2.1}% 12
\BOOKMARK [2][-]{subsection.2.1.3}{Operaciones en el sistema binario}{section.2.1}% 13
\BOOKMARK [1][-]{section.2.2}{Complemento de un n\372mero}{chapter.2}% 14
\BOOKMARK [1][-]{section.2.3}{Ejercicios}{chapter.2}% 15
\BOOKMARK [1][-]{section.2.4}{Resumen}{chapter.2}% 16
\BOOKMARK [0][-]{chapter.3}{Semana 3}{}% 17
\BOOKMARK [1][-]{section.3.1}{Introducci\363n a la l\363gica combinacional}{chapter.3}% 18
\BOOKMARK [2][-]{subsection.3.1.1}{Tipo de circuitos digitales}{section.3.1}% 19
\BOOKMARK [1][-]{section.3.2}{\301lgebra de Boole Postulados}{chapter.3}% 20
\BOOKMARK [0][-]{chapter.4}{Semana 4}{}% 21
\BOOKMARK [1][-]{section.4.1}{Comparador de un bit}{chapter.4}% 22
\BOOKMARK [1][-]{section.4.2}{Mapas de Karnaugh}{chapter.4}% 23
\BOOKMARK [0][-]{chapter.5}{Investigaciones}{}% 24
\BOOKMARK [0][-]{chapter.6}{Programaci\363n}{}% 25
\BOOKMARK [1][-]{section.6.1}{Retraso}{chapter.6}% 26
\BOOKMARK [1][-]{section.6.2}{L\363gica secuencial}{chapter.6}% 27
\BOOKMARK [2][-]{subsection.6.2.1}{registros}{section.6.2}% 28
\BOOKMARK [0][-]{chapter.7}{Videos complementarios}{}% 29
